0 info it worked if it ends with ok
1 verbose cli [ 'C:\\Program Files\\nodejs\\node.exe',
1 verbose cli   'C:\\Program Files\\nodejs\\node_modules\\npm\\bin\\npm-cli.js',
1 verbose cli   'adduser' ]
2 info using npm@3.10.8
3 info using node@v6.9.1
4 warn Name must be lowercase
5 verbose adduser before first PUT { _id: 'org.couchdb.user:jashelb90',
5 verbose adduser   name: 'jashelb90',
5 verbose adduser   password: 'XXXXX',
5 verbose adduser   email: 'jamesshelbourne@hotmail.co.uk',
5 verbose adduser   type: 'user',
5 verbose adduser   roles: [],
5 verbose adduser   date: '2016-10-28T08:52:20.964Z' }
6 verbose request uri https://registry.npmjs.org/-/user/org.couchdb.user:jashelb90
7 verbose request new user, so can't send auth
8 info attempt registry request try #1 at 9:52:20 AM
9 verbose request id 15563a0afb26a846
10 http request PUT https://registry.npmjs.org/-/user/org.couchdb.user:jashelb90
11 http 401 https://registry.npmjs.org/-/user/org.couchdb.user:jashelb90
12 verbose headers { 'content-type': 'application/json',
12 verbose headers   'cache-control': 'max-age=300',
12 verbose headers   'content-length': '46',
12 verbose headers   'accept-ranges': 'bytes',
12 verbose headers   date: 'Fri, 28 Oct 2016 08:52:23 GMT',
12 verbose headers   via: '1.1 varnish',
12 verbose headers   connection: 'close',
12 verbose headers   'x-served-by': 'cache-lcy1130-LCY',
12 verbose headers   'x-cache': 'MISS',
12 verbose headers   'x-cache-hits': '0',
12 verbose headers   'x-timer': 'S1477644742.482034,VS0,VE608',
12 verbose headers   vary: 'Accept-Encoding' }
13 verbose request invalidating C:\Users\shelbouj\AppData\Roaming\npm-cache\registry.npmjs.org\-\user\org.couchdb.user_3Ajashelb90 on PUT
14 verbose adduser back [ { Error: Registry returned 401 for PUT on https://registry.npmjs.org/-/user/org.couchdb.user:jashelb90
14 verbose adduser       at makeError (C:\Program Files\nodejs\node_modules\npm\node_modules\npm-registry-client\lib\request.js:302:12)
14 verbose adduser       at CachingRegistryClient.<anonymous> (C:\Program Files\nodejs\node_modules\npm\node_modules\npm-registry-client\lib\request.js:280:14)
14 verbose adduser       at Request._callback (C:\Program Files\nodejs\node_modules\npm\node_modules\npm-registry-client\lib\request.js:210:14)
14 verbose adduser       at Request.self.callback (C:\Program Files\nodejs\node_modules\npm\node_modules\request\request.js:187:22)
14 verbose adduser       at emitTwo (events.js:106:13)
14 verbose adduser       at Request.emit (events.js:191:7)
14 verbose adduser       at Request.<anonymous> (C:\Program Files\nodejs\node_modules\npm\node_modules\request\request.js:1044:10)
14 verbose adduser       at emitOne (events.js:96:13)
14 verbose adduser       at Request.emit (events.js:188:7)
14 verbose adduser       at IncomingMessage.<anonymous> (C:\Program Files\nodejs\node_modules\npm\node_modules\request\request.js:965:12) statusCode: 401, code: 'E401' },
14 verbose adduser   { ok: false, id: 'org.couchdb.user:undefined' },
14 verbose adduser   '{"ok":false,"id":"org.couchdb.user:undefined"}' ]
15 warn adduser Incorrect username or password
15 warn adduser You can reset your account by visiting:
15 warn adduser
15 warn adduser     https://npmjs.org/forgot
16 verbose stack Error: Registry returned 401 for PUT on https://registry.npmjs.org/-/user/org.couchdb.user:jashelb90
16 verbose stack     at makeError (C:\Program Files\nodejs\node_modules\npm\node_modules\npm-registry-client\lib\request.js:302:12)
16 verbose stack     at CachingRegistryClient.<anonymous> (C:\Program Files\nodejs\node_modules\npm\node_modules\npm-registry-client\lib\request.js:280:14)
16 verbose stack     at Request._callback (C:\Program Files\nodejs\node_modules\npm\node_modules\npm-registry-client\lib\request.js:210:14)
16 verbose stack     at Request.self.callback (C:\Program Files\nodejs\node_modules\npm\node_modules\request\request.js:187:22)
16 verbose stack     at emitTwo (events.js:106:13)
16 verbose stack     at Request.emit (events.js:191:7)
16 verbose stack     at Request.<anonymous> (C:\Program Files\nodejs\node_modules\npm\node_modules\request\request.js:1044:10)
16 verbose stack     at emitOne (events.js:96:13)
16 verbose stack     at Request.emit (events.js:188:7)
16 verbose stack     at IncomingMessage.<anonymous> (C:\Program Files\nodejs\node_modules\npm\node_modules\request\request.js:965:12)
17 verbose statusCode 401
18 verbose cwd C:\Users\shelbouj\Documents\Training\Node\Simple Express Project
19 error Windows_NT 6.1.7601
20 error argv "C:\\Program Files\\nodejs\\node.exe" "C:\\Program Files\\nodejs\\node_modules\\npm\\bin\\npm-cli.js" "adduser"
21 error node v6.9.1
22 error npm  v3.10.8
23 error code E401
24 error Registry returned 401 for PUT on https://registry.npmjs.org/-/user/org.couchdb.user:jashelb90
25 error If you need help, you may report this error at:
25 error     <https://github.com/npm/npm/issues>
26 verbose exit [ 1, true ]
